<?xml version="1.0" encoding="UTF-8" ?>
<testsuite tests="52" failures="0" name="it.polito.appeal.traci.test.TraCITest" time="29.541" errors="0" skipped="2">
  <properties>
[...]
</properties>
  <testcase classname="it.polito.appeal.traci.test.TraCITest" name="testRefreshedValues" time="0.548"/>
  <testcase classname="it.polito.appeal.traci.test.TraCITest" name="testVehicleSet" time="0.571"/>
  <testcase classname="it.polito.appeal.traci.test.TraCITest" name="testLaArDetectorIsDetecting" time="0.627"/>
  <testcase classname="it.polito.appeal.traci.test.TraCITest" name="testGetBelongingEdge" time="0.58"/>
  <testcase classname="it.polito.appeal.traci.test.TraCITest" name="test500msStep" time="1.133"/>
  <testcase classname="it.polito.appeal.traci.test.TraCITest" name="testVehicleIDAtStepOne" time="0.567"/>
  <testcase classname="it.polito.appeal.traci.test.TraCITest" name="testVehicleGetLaneID" time="0.567"/>
  <testcase classname="it.polito.appeal.traci.test.TraCITest" name="testVehiclePositionAtStepOne" time="0.568"/>
  <testcase classname="it.polito.appeal.traci.test.TraCITest" name="testVehiclePositionAtStepTwo" time="0.569"/>
  <testcase classname="it.polito.appeal.traci.test.TraCITest" name="testFirstStepIsZero" time="0.567"/>
  <testcase classname="it.polito.appeal.traci.test.TraCITest" name="testGetLaneMaxSpeed" time="0.567"/>
  <testcase classname="it.polito.appeal.traci.test.TraCITest" name="testSetPOIColor" time="0.621"/>
  <testcase classname="it.polito.appeal.traci.test.TraCITest" name="testPOIType" time="0.567"/>
  <testcase classname="it.polito.appeal.traci.test.TraCITest" name="testMultiQueryPerformance" time="0.68"/>
  <testcase classname="it.polito.appeal.traci.test.TraCITest" name="testGetRoads" time="0.567"/>
  <testcase classname="it.polito.appeal.traci.test.TraCITest" name="testGetShape" time="0.568"/>
  <testcase classname="it.polito.appeal.traci.test.TraCITest" name="testChangeTargetAlsoAffectsRouteList" time="0.568"/>
  <testcase classname="it.polito.appeal.traci.test.TraCITest" name="testGetSubscriptionResponses" time="0.576"/>
  <testcase classname="it.polito.appeal.traci.test.TraCITest" name="testRouteGetEdges" time="0.57"/>
  <testcase classname="it.polito.appeal.traci.test.TraCITest" name="testOneVehicleAtStepOne" time="0.566"/>
  <testcase classname="it.polito.appeal.traci.test.TraCITest" name="testLaArExistence" time="0.567"/>
  <testcase classname="it.polito.appeal.traci.test.TraCITest" name="testRoute" time="0.567"/>
  <testcase classname="it.polito.appeal.traci.test.TraCITest" name="testMeMeDetectorIsDetecting" time="0.588"/>
  <testcase classname="it.polito.appeal.traci.test.TraCITest" name="testVehicleGetLaneIndex" time="0.576"/>
  <testcase classname="it.polito.appeal.traci.test.TraCITest" name="testRemoveVehicle" time="0.569"/>
  <testcase classname="it.polito.appeal.traci.test.TraCITest" name="testPOIPosition" time="0.567"/>
  <testcase classname="it.polito.appeal.traci.test.TraCITest" name="testInLoExistence" time="0.569"/>
  <testcase classname="it.polito.appeal.traci.test.TraCITest" name="testAddRoute" time="0.568"/>
  <testcase classname="it.polito.appeal.traci.test.TraCITest" name="testLaneDimensions" time="0.567"/>
  <testcase classname="it.polito.appeal.traci.test.TraCITest" name="testInLoGetPosition" time="0.567"/>
  <testcase classname="it.polito.appeal.traci.test.TraCITest" name="testSetPOIPosition" time="0.567"/>
  <testcase classname="it.polito.appeal.traci.test.TraCITest" name="testNoVehiclesAtStepZero" time="0.567"/>
  <testcase classname="it.polito.appeal.traci.test.TraCITest" name="testSetPOIType" time="0.565"/>
  <testcase classname="it.polito.appeal.traci.test.TraCITest" name="testChangeTarget" time="0.611"/>
  <testcase classname="it.polito.appeal.traci.test.TraCITest" name="testGetBounds" time="0.566"/>
  <testcase classname="it.polito.appeal.traci.test.TraCITest" name="testChangeGlobalTravelTime" time="0.571"/>
  <testcase classname="it.polito.appeal.traci.test.TraCITest" name="testWhoDepartsArrives" time="0.654"/>
  <testcase classname="it.polito.appeal.traci.test.TraCITest" name="testInLoGetLane" time="0.569"/>
  <testcase classname="it.polito.appeal.traci.test.TraCITest" name="testMeMeExistence" time="0.576"/>
  <testcase classname="it.polito.appeal.traci.test.TraCITest" name="testVehiclePositionIsInBounds" time="0.612"/>
  <testcase classname="it.polito.appeal.traci.test.TraCITest" name="testAddVehicle" time="0.601"/>
  <testcase classname="it.polito.appeal.traci.test.TraCITest" name="testVehicleTypLength" time="0.567"/>
  <testcase classname="it.polito.appeal.traci.test.TraCITest" name="testPOIExistence" time="0.567"/>
  <testcase classname="it.polito.appeal.traci.test.TraCITest" name="testUsingInactiveVehicle" time="0.669"/>
  <testcase classname="it.polito.appeal.traci.test.TraCITest" name="testNextSimStepGoesToOne" time="0.567"/>
  <testcase classname="it.polito.appeal.traci.test.TraCITest" name="testInductionLoopIsDetecting" time="0.584"/>
  <testcase classname="it.polito.appeal.traci.test.TraCITest" name="testPOIColor" time="0.569"/>
  <testcase classname="it.polito.appeal.traci.test.TraCITest" name="testChangeRoute" time="0.567"/>
  <testcase classname="it.polito.appeal.traci.test.TraCITest" name="testLaArGetPosition" time="0.567">
    <skipped/>
  </testcase>
  <testcase classname="it.polito.appeal.traci.test.TraCITest" name="testLaneLinks" time="0.569"/>
  <testcase classname="it.polito.appeal.traci.test.TraCITest" name="testRerouting" time="0.568"/>
  <testcase classname="it.polito.appeal.traci.test.TraCITest" name="testLaArGetLane" time="0.568">
    <skipped/>
  </testcase>
</testsuite>